[2025-04-05T17:23:13.613+0000] {manager.py:487} INFO - Processing files using up to 2 processes at a time 
[2025-04-05T17:23:13.621+0000] {manager.py:488} INFO - Process each file at most once every 30 seconds
[2025-04-05T17:23:13.631+0000] {manager.py:490} INFO - Checking for new files in /opt/airflow/dags every 300 seconds
[2025-04-05T17:23:13.670+0000] {manager.py:758} INFO - Searching for files in /opt/airflow/dags
[2025-04-05T17:23:13.698+0000] {manager.py:761} INFO - There are 0 files in /opt/airflow/dags
[2025-04-05T17:24:32.009+0000] {manager.py:470} INFO - Exiting gracefully upon receiving signal 15
[2025-04-05T17:31:58.700+0000] {manager.py:487} INFO - Processing files using up to 2 processes at a time 
[2025-04-05T17:31:58.703+0000] {manager.py:488} INFO - Process each file at most once every 30 seconds
[2025-04-05T17:31:58.707+0000] {manager.py:490} INFO - Checking for new files in /opt/airflow/dags every 300 seconds
[2025-04-05T17:31:58.712+0000] {manager.py:758} INFO - Searching for files in /opt/airflow/dags
[2025-04-05T17:31:58.728+0000] {manager.py:761} INFO - There are 0 files in /opt/airflow/dags
[2025-04-05T17:33:08.434+0000] {manager.py:470} INFO - Exiting gracefully upon receiving signal 15
[2025-04-05T17:33:39.906+0000] {manager.py:487} INFO - Processing files using up to 2 processes at a time 
[2025-04-05T17:33:39.907+0000] {manager.py:488} INFO - Process each file at most once every 30 seconds
[2025-04-05T17:33:39.909+0000] {manager.py:490} INFO - Checking for new files in /opt/airflow/dags every 300 seconds
[2025-04-05T17:33:39.911+0000] {manager.py:758} INFO - Searching for files in /opt/airflow/dags
[2025-04-05T17:33:39.916+0000] {manager.py:761} INFO - There are 0 files in /opt/airflow/dags
[2025-04-05T17:37:15.479+0000] {manager.py:470} INFO - Exiting gracefully upon receiving signal 15
[2025-04-05T17:37:54.965+0000] {manager.py:487} INFO - Processing files using up to 2 processes at a time 
[2025-04-05T17:37:54.967+0000] {manager.py:488} INFO - Process each file at most once every 30 seconds
[2025-04-05T17:37:54.970+0000] {manager.py:490} INFO - Checking for new files in /opt/airflow/dags every 300 seconds
[2025-04-05T17:37:54.972+0000] {manager.py:758} INFO - Searching for files in /opt/airflow/dags
[2025-04-05T17:37:54.977+0000] {manager.py:761} INFO - There are 0 files in /opt/airflow/dags
[2025-04-05T17:38:41.040+0000] {manager.py:470} INFO - Exiting gracefully upon receiving signal 15
[2025-04-05T17:39:18.542+0000] {manager.py:487} INFO - Processing files using up to 2 processes at a time 
[2025-04-05T17:39:18.543+0000] {manager.py:488} INFO - Process each file at most once every 30 seconds
[2025-04-05T17:39:18.545+0000] {manager.py:490} INFO - Checking for new files in /opt/airflow/dags every 300 seconds
[2025-04-05T17:39:18.547+0000] {manager.py:758} INFO - Searching for files in /opt/airflow/dags
[2025-04-05T17:39:18.551+0000] {manager.py:761} INFO - There are 0 files in /opt/airflow/dags
[2025-04-05T17:42:10.330+0000] {manager.py:470} INFO - Exiting gracefully upon receiving signal 15
[2025-04-05T17:43:25.279+0000] {manager.py:487} INFO - Processing files using up to 2 processes at a time 
[2025-04-05T17:43:25.281+0000] {manager.py:488} INFO - Process each file at most once every 30 seconds
[2025-04-05T17:43:25.283+0000] {manager.py:490} INFO - Checking for new files in /opt/airflow/dags every 300 seconds
[2025-04-05T17:43:25.286+0000] {manager.py:758} INFO - Searching for files in /opt/airflow/dags
[2025-04-05T17:43:25.290+0000] {manager.py:761} INFO - There are 0 files in /opt/airflow/dags
[2025-04-05T17:45:03.182+0000] {manager.py:470} INFO - Exiting gracefully upon receiving signal 15
[2025-04-05T17:45:39.576+0000] {manager.py:487} INFO - Processing files using up to 2 processes at a time 
[2025-04-05T17:45:39.579+0000] {manager.py:488} INFO - Process each file at most once every 30 seconds
[2025-04-05T17:45:39.582+0000] {manager.py:490} INFO - Checking for new files in /opt/airflow/dags every 300 seconds
[2025-04-05T17:45:39.584+0000] {manager.py:758} INFO - Searching for files in /opt/airflow/dags
[2025-04-05T17:45:39.592+0000] {manager.py:761} INFO - There are 0 files in /opt/airflow/dags
[2025-04-05T17:46:19.131+0000] {manager.py:470} INFO - Exiting gracefully upon receiving signal 15
[2025-04-05T17:47:13.909+0000] {manager.py:487} INFO - Processing files using up to 2 processes at a time 
[2025-04-05T17:47:13.912+0000] {manager.py:488} INFO - Process each file at most once every 30 seconds
[2025-04-05T17:47:13.915+0000] {manager.py:490} INFO - Checking for new files in /opt/airflow/dags every 300 seconds
[2025-04-05T17:47:13.919+0000] {manager.py:758} INFO - Searching for files in /opt/airflow/dags
[2025-04-05T17:47:13.926+0000] {manager.py:761} INFO - There are 0 files in /opt/airflow/dags
[2025-04-05T17:58:54.856+0000] {manager.py:758} INFO - Searching for files in /opt/airflow/dags
[2025-04-05T17:58:54.971+0000] {manager.py:761} INFO - There are 0 files in /opt/airflow/dags
[2025-04-05T18:03:55.486+0000] {manager.py:758} INFO - Searching for files in /opt/airflow/dags
[2025-04-05T18:03:55.493+0000] {manager.py:761} INFO - There are 0 files in /opt/airflow/dags
[2025-04-05T18:08:55.935+0000] {manager.py:758} INFO - Searching for files in /opt/airflow/dags
[2025-04-05T18:08:55.942+0000] {manager.py:761} INFO - There are 0 files in /opt/airflow/dags
[2025-04-05T18:13:56.320+0000] {manager.py:758} INFO - Searching for files in /opt/airflow/dags
[2025-04-05T18:13:56.324+0000] {manager.py:761} INFO - There are 0 files in /opt/airflow/dags
[2025-04-05T18:18:56.754+0000] {manager.py:758} INFO - Searching for files in /opt/airflow/dags
[2025-04-05T18:18:56.758+0000] {manager.py:761} INFO - There are 0 files in /opt/airflow/dags
[2025-04-05T18:23:57.094+0000] {manager.py:758} INFO - Searching for files in /opt/airflow/dags
[2025-04-05T18:23:57.098+0000] {manager.py:761} INFO - There are 0 files in /opt/airflow/dags
[2025-04-05T18:28:57.481+0000] {manager.py:758} INFO - Searching for files in /opt/airflow/dags
[2025-04-05T18:28:57.485+0000] {manager.py:761} INFO - There are 0 files in /opt/airflow/dags
[2025-04-05T18:33:57.834+0000] {manager.py:758} INFO - Searching for files in /opt/airflow/dags
[2025-04-05T18:33:57.837+0000] {manager.py:761} INFO - There are 0 files in /opt/airflow/dags
[2025-04-05T19:04:58.448+0000] {manager.py:758} INFO - Searching for files in /opt/airflow/dags
[2025-04-05T19:04:58.481+0000] {manager.py:761} INFO - There are 0 files in /opt/airflow/dags
[2025-04-05T19:04:58.694+0000] {manager.py:470} INFO - Exiting gracefully upon receiving signal 15
[2025-04-05T19:05:00.197+0000] {manager.py:487} INFO - Processing files using up to 2 processes at a time 
[2025-04-05T19:05:00.200+0000] {manager.py:488} INFO - Process each file at most once every 30 seconds
[2025-04-05T19:05:00.204+0000] {manager.py:490} INFO - Checking for new files in /opt/airflow/dags every 300 seconds
[2025-04-05T19:05:00.208+0000] {manager.py:758} INFO - Searching for files in /opt/airflow/dags
[2025-04-05T19:05:00.214+0000] {manager.py:761} INFO - There are 0 files in /opt/airflow/dags
[2025-04-05T19:10:00.764+0000] {manager.py:758} INFO - Searching for files in /opt/airflow/dags
[2025-04-05T19:10:00.769+0000] {manager.py:761} INFO - There are 0 files in /opt/airflow/dags
[2025-04-05T19:21:04.418+0000] {manager.py:758} INFO - Searching for files in /opt/airflow/dags
[2025-04-05T19:21:04.353+0000] {manager.py:761} INFO - There are 0 files in /opt/airflow/dags
[2025-04-05T19:21:14.179+0000] {manager.py:487} INFO - Processing files using up to 2 processes at a time 
[2025-04-05T19:21:14.183+0000] {manager.py:488} INFO - Process each file at most once every 30 seconds
[2025-04-05T19:21:14.190+0000] {manager.py:490} INFO - Checking for new files in /opt/airflow/dags every 300 seconds
[2025-04-05T19:21:14.198+0000] {manager.py:758} INFO - Searching for files in /opt/airflow/dags
[2025-04-05T19:21:14.211+0000] {manager.py:761} INFO - There are 0 files in /opt/airflow/dags
[2025-04-05T19:21:34.689+0000] {manager.py:470} INFO - Exiting gracefully upon receiving signal 15
[2025-04-05T19:24:45.877+0000] {manager.py:487} INFO - Processing files using up to 2 processes at a time 
[2025-04-05T19:24:45.879+0000] {manager.py:488} INFO - Process each file at most once every 30 seconds
[2025-04-05T19:24:45.881+0000] {manager.py:490} INFO - Checking for new files in /opt/airflow/dags every 300 seconds
[2025-04-05T19:24:45.883+0000] {manager.py:758} INFO - Searching for files in /opt/airflow/dags
[2025-04-05T19:24:45.887+0000] {manager.py:761} INFO - There are 0 files in /opt/airflow/dags
[2025-04-05T19:29:46.271+0000] {manager.py:758} INFO - Searching for files in /opt/airflow/dags
[2025-04-05T19:29:46.280+0000] {manager.py:761} INFO - There are 0 files in /opt/airflow/dags
[2025-04-05T19:34:46.796+0000] {manager.py:758} INFO - Searching for files in /opt/airflow/dags
[2025-04-05T19:34:46.803+0000] {manager.py:761} INFO - There are 0 files in /opt/airflow/dags
[2025-04-05T19:35:10.446+0000] {manager.py:470} INFO - Exiting gracefully upon receiving signal 15
[2025-04-05T19:56:12.579+0000] {manager.py:487} INFO - Processing files using up to 2 processes at a time 
[2025-04-05T19:56:12.581+0000] {manager.py:488} INFO - Process each file at most once every 30 seconds
[2025-04-05T19:56:12.584+0000] {manager.py:490} INFO - Checking for new files in /opt/airflow/dags every 300 seconds
[2025-04-05T19:56:12.586+0000] {manager.py:758} INFO - Searching for files in /opt/airflow/dags
[2025-04-05T19:56:12.592+0000] {manager.py:761} INFO - There are 0 files in /opt/airflow/dags
[2025-04-05T19:58:44.672+0000] {manager.py:487} INFO - Processing files using up to 2 processes at a time 
[2025-04-05T19:58:44.675+0000] {manager.py:488} INFO - Process each file at most once every 30 seconds
[2025-04-05T19:58:44.677+0000] {manager.py:490} INFO - Checking for new files in /opt/airflow/dags every 300 seconds
[2025-04-05T19:58:44.680+0000] {manager.py:758} INFO - Searching for files in /opt/airflow/dags
[2025-04-05T19:58:44.686+0000] {manager.py:761} INFO - There are 0 files in /opt/airflow/dags
[2025-04-05T20:00:07.365+0000] {manager.py:470} INFO - Exiting gracefully upon receiving signal 15
[2025-04-05T20:28:21.621+0000] {manager.py:487} INFO - Processing files using up to 2 processes at a time 
[2025-04-05T20:28:21.624+0000] {manager.py:488} INFO - Process each file at most once every 30 seconds
[2025-04-05T20:28:21.629+0000] {manager.py:490} INFO - Checking for new files in /opt/airflow/dags every 300 seconds
[2025-04-05T20:28:21.637+0000] {manager.py:758} INFO - Searching for files in /opt/airflow/dags
[2025-04-05T20:28:21.646+0000] {manager.py:761} INFO - There are 0 files in /opt/airflow/dags
[2025-04-05T20:31:43.746+0000] {manager.py:470} INFO - Exiting gracefully upon receiving signal 15
[2025-04-05T20:32:29.905+0000] {manager.py:487} INFO - Processing files using up to 2 processes at a time 
[2025-04-05T20:32:29.910+0000] {manager.py:488} INFO - Process each file at most once every 30 seconds
[2025-04-05T20:32:29.913+0000] {manager.py:490} INFO - Checking for new files in /opt/airflow/dags every 300 seconds
[2025-04-05T20:32:29.916+0000] {manager.py:758} INFO - Searching for files in /opt/airflow/dags
[2025-04-05T20:32:29.923+0000] {manager.py:761} INFO - There are 0 files in /opt/airflow/dags
[2025-04-05T20:34:04.830+0000] {manager.py:470} INFO - Exiting gracefully upon receiving signal 15
[2025-04-05T20:34:34.841+0000] {manager.py:487} INFO - Processing files using up to 2 processes at a time 
[2025-04-05T20:34:34.843+0000] {manager.py:488} INFO - Process each file at most once every 30 seconds
[2025-04-05T20:34:34.846+0000] {manager.py:490} INFO - Checking for new files in /opt/airflow/dags every 300 seconds
[2025-04-05T20:34:34.849+0000] {manager.py:758} INFO - Searching for files in /opt/airflow/dags
[2025-04-05T20:34:34.852+0000] {manager.py:761} INFO - There are 0 files in /opt/airflow/dags
[2025-04-05T20:39:35.302+0000] {manager.py:758} INFO - Searching for files in /opt/airflow/dags
[2025-04-05T20:39:35.306+0000] {manager.py:761} INFO - There are 0 files in /opt/airflow/dags
[2025-04-05T20:42:53.234+0000] {manager.py:470} INFO - Exiting gracefully upon receiving signal 15
[2025-04-05T20:44:21.749+0000] {manager.py:487} INFO - Processing files using up to 2 processes at a time 
[2025-04-05T20:44:21.758+0000] {manager.py:488} INFO - Process each file at most once every 30 seconds
[2025-04-05T20:44:21.761+0000] {manager.py:490} INFO - Checking for new files in /opt/airflow/dags every 300 seconds
[2025-04-05T20:44:21.764+0000] {manager.py:758} INFO - Searching for files in /opt/airflow/dags
[2025-04-05T20:44:21.769+0000] {manager.py:761} INFO - There are 0 files in /opt/airflow/dags
[2025-04-05T20:46:54.090+0000] {manager.py:470} INFO - Exiting gracefully upon receiving signal 15
[2025-04-05T20:48:19.296+0000] {manager.py:487} INFO - Processing files using up to 2 processes at a time 
[2025-04-05T20:48:19.297+0000] {manager.py:488} INFO - Process each file at most once every 30 seconds
[2025-04-05T20:48:19.299+0000] {manager.py:490} INFO - Checking for new files in /opt/airflow/dags every 300 seconds
[2025-04-05T20:48:19.301+0000] {manager.py:758} INFO - Searching for files in /opt/airflow/dags
[2025-04-05T20:48:19.305+0000] {manager.py:761} INFO - There are 0 files in /opt/airflow/dags
[2025-04-05T20:49:49.716+0000] {manager.py:470} INFO - Exiting gracefully upon receiving signal 15
[2025-04-05T20:51:31.075+0000] {manager.py:487} INFO - Processing files using up to 2 processes at a time 
[2025-04-05T20:51:31.079+0000] {manager.py:488} INFO - Process each file at most once every 30 seconds
[2025-04-05T20:51:31.082+0000] {manager.py:490} INFO - Checking for new files in /opt/airflow/dags every 300 seconds
[2025-04-05T20:51:31.064+0000] {manager.py:758} INFO - Searching for files in /opt/airflow/dags
[2025-04-05T20:51:31.071+0000] {manager.py:761} INFO - There are 0 files in /opt/airflow/dags
[2025-04-05T20:55:15.410+0000] {manager.py:470} INFO - Exiting gracefully upon receiving signal 15
[2025-04-05T20:56:39.265+0000] {manager.py:487} INFO - Processing files using up to 2 processes at a time 
[2025-04-05T20:56:39.267+0000] {manager.py:488} INFO - Process each file at most once every 30 seconds
[2025-04-05T20:56:39.270+0000] {manager.py:490} INFO - Checking for new files in /opt/airflow/dags every 300 seconds
[2025-04-05T20:56:39.276+0000] {manager.py:758} INFO - Searching for files in /opt/airflow/dags
[2025-04-05T20:56:39.282+0000] {manager.py:761} INFO - There are 0 files in /opt/airflow/dags
[2025-04-05T21:01:39.935+0000] {manager.py:758} INFO - Searching for files in /opt/airflow/dags
[2025-04-05T21:01:39.942+0000] {manager.py:761} INFO - There are 0 files in /opt/airflow/dags
[2025-04-05T21:06:40.030+0000] {manager.py:758} INFO - Searching for files in /opt/airflow/dags
[2025-04-05T21:06:40.059+0000] {manager.py:761} INFO - There are 0 files in /opt/airflow/dags
[2025-04-05T21:08:17.880+0000] {manager.py:470} INFO - Exiting gracefully upon receiving signal 15
[2025-04-05T21:08:53.638+0000] {manager.py:487} INFO - Processing files using up to 2 processes at a time 
[2025-04-05T21:08:53.639+0000] {manager.py:488} INFO - Process each file at most once every 30 seconds
[2025-04-05T21:08:53.641+0000] {manager.py:490} INFO - Checking for new files in /opt/airflow/dags every 300 seconds
[2025-04-05T21:08:53.643+0000] {manager.py:758} INFO - Searching for files in /opt/airflow/dags
[2025-04-05T21:08:53.651+0000] {manager.py:761} INFO - There are 0 files in /opt/airflow/dags
[2025-04-05T21:10:37.246+0000] {manager.py:470} INFO - Exiting gracefully upon receiving signal 15
[2025-04-05T21:12:14.503+0000] {manager.py:487} INFO - Processing files using up to 2 processes at a time 
[2025-04-05T21:12:14.506+0000] {manager.py:488} INFO - Process each file at most once every 30 seconds
[2025-04-05T21:12:14.512+0000] {manager.py:490} INFO - Checking for new files in /opt/airflow/dags every 300 seconds
[2025-04-05T21:12:14.516+0000] {manager.py:758} INFO - Searching for files in /opt/airflow/dags
[2025-04-05T21:12:14.521+0000] {manager.py:761} INFO - There are 0 files in /opt/airflow/dags
[2025-04-05T21:17:14.644+0000] {manager.py:758} INFO - Searching for files in /opt/airflow/dags
[2025-04-05T21:17:14.657+0000] {manager.py:761} INFO - There are 0 files in /opt/airflow/dags
[2025-04-05T21:17:43.715+0000] {manager.py:470} INFO - Exiting gracefully upon receiving signal 15
[2025-04-05T21:18:41.775+0000] {manager.py:487} INFO - Processing files using up to 2 processes at a time 
[2025-04-05T21:18:41.776+0000] {manager.py:488} INFO - Process each file at most once every 30 seconds
[2025-04-05T21:18:41.778+0000] {manager.py:490} INFO - Checking for new files in /opt/airflow/dags every 300 seconds
[2025-04-05T21:18:41.779+0000] {manager.py:758} INFO - Searching for files in /opt/airflow/dags
[2025-04-05T21:18:41.782+0000] {manager.py:761} INFO - There are 0 files in /opt/airflow/dags
[2025-04-05T21:18:55.779+0000] {manager.py:470} INFO - Exiting gracefully upon receiving signal 15
[2025-04-05T21:19:48.244+0000] {manager.py:487} INFO - Processing files using up to 2 processes at a time 
[2025-04-05T21:19:48.255+0000] {manager.py:488} INFO - Process each file at most once every 30 seconds
[2025-04-05T21:19:48.263+0000] {manager.py:490} INFO - Checking for new files in /opt/airflow/dags every 300 seconds
[2025-04-05T21:19:48.267+0000] {manager.py:758} INFO - Searching for files in /opt/airflow/dags
[2025-04-05T21:19:48.276+0000] {manager.py:761} INFO - There are 0 files in /opt/airflow/dags
[2025-04-05T21:22:27.879+0000] {manager.py:470} INFO - Exiting gracefully upon receiving signal 15
[2025-04-05T21:33:41.694+0000] {manager.py:487} INFO - Processing files using up to 2 processes at a time 
[2025-04-05T21:33:41.697+0000] {manager.py:488} INFO - Process each file at most once every 30 seconds
[2025-04-05T21:33:41.703+0000] {manager.py:490} INFO - Checking for new files in /opt/airflow/dags every 300 seconds
[2025-04-05T21:33:41.706+0000] {manager.py:758} INFO - Searching for files in /opt/airflow/dags
[2025-04-05T21:33:41.713+0000] {manager.py:761} INFO - There are 0 files in /opt/airflow/dags
[2025-04-05T21:38:42.216+0000] {manager.py:758} INFO - Searching for files in /opt/airflow/dags
[2025-04-05T21:38:42.227+0000] {manager.py:761} INFO - There are 0 files in /opt/airflow/dags
[2025-04-05T21:39:44.669+0000] {manager.py:470} INFO - Exiting gracefully upon receiving signal 15
[2025-04-05T21:53:15.149+0000] {manager.py:487} INFO - Processing files using up to 2 processes at a time 
[2025-04-05T21:53:15.151+0000] {manager.py:488} INFO - Process each file at most once every 30 seconds
[2025-04-05T21:53:15.153+0000] {manager.py:490} INFO - Checking for new files in /opt/airflow/dags every 300 seconds
[2025-04-05T21:53:15.155+0000] {manager.py:758} INFO - Searching for files in /opt/airflow/dags
[2025-04-05T21:53:15.160+0000] {manager.py:761} INFO - There are 0 files in /opt/airflow/dags
[2025-04-05T21:54:31.797+0000] {manager.py:470} INFO - Exiting gracefully upon receiving signal 15
[2025-04-05T21:57:30.104+0000] {manager.py:487} INFO - Processing files using up to 2 processes at a time 
[2025-04-05T21:57:30.107+0000] {manager.py:488} INFO - Process each file at most once every 30 seconds
[2025-04-05T21:57:30.110+0000] {manager.py:490} INFO - Checking for new files in /opt/airflow/dags every 300 seconds
[2025-04-05T21:57:30.112+0000] {manager.py:758} INFO - Searching for files in /opt/airflow/dags
[2025-04-05T21:57:30.117+0000] {manager.py:761} INFO - There are 0 files in /opt/airflow/dags
[2025-04-05T21:59:44.957+0000] {manager.py:470} INFO - Exiting gracefully upon receiving signal 15
[2025-04-05T22:00:27.626+0000] {manager.py:487} INFO - Processing files using up to 2 processes at a time 
[2025-04-05T22:00:27.627+0000] {manager.py:488} INFO - Process each file at most once every 30 seconds
[2025-04-05T22:00:27.630+0000] {manager.py:490} INFO - Checking for new files in /opt/airflow/dags every 300 seconds
[2025-04-05T22:00:27.632+0000] {manager.py:758} INFO - Searching for files in /opt/airflow/dags
[2025-04-05T22:00:27.636+0000] {manager.py:761} INFO - There are 0 files in /opt/airflow/dags
[2025-04-05T22:05:27.914+0000] {manager.py:758} INFO - Searching for files in /opt/airflow/dags
[2025-04-05T22:05:27.935+0000] {manager.py:761} INFO - There are 0 files in /opt/airflow/dags
[2025-04-05T22:09:05.105+0000] {manager.py:470} INFO - Exiting gracefully upon receiving signal 15
[2025-04-05T22:10:16.614+0000] {manager.py:487} INFO - Processing files using up to 2 processes at a time 
[2025-04-05T22:10:16.616+0000] {manager.py:488} INFO - Process each file at most once every 30 seconds
[2025-04-05T22:10:16.618+0000] {manager.py:490} INFO - Checking for new files in /opt/airflow/dags every 300 seconds
[2025-04-05T22:10:16.622+0000] {manager.py:758} INFO - Searching for files in /opt/airflow/dags
[2025-04-05T22:10:16.626+0000] {manager.py:761} INFO - There are 0 files in /opt/airflow/dags
[2025-04-05T22:14:11.942+0000] {manager.py:470} INFO - Exiting gracefully upon receiving signal 15
[2025-04-05T22:24:05.054+0000] {manager.py:487} INFO - Processing files using up to 2 processes at a time 
[2025-04-05T22:24:05.057+0000] {manager.py:488} INFO - Process each file at most once every 30 seconds
[2025-04-05T22:24:05.059+0000] {manager.py:490} INFO - Checking for new files in /opt/airflow/dags every 300 seconds
[2025-04-05T22:24:05.062+0000] {manager.py:758} INFO - Searching for files in /opt/airflow/dags
[2025-04-05T22:24:05.069+0000] {manager.py:761} INFO - There are 0 files in /opt/airflow/dags
[2025-04-05T22:29:05.533+0000] {manager.py:758} INFO - Searching for files in /opt/airflow/dags
[2025-04-05T22:29:05.570+0000] {manager.py:761} INFO - There are 0 files in /opt/airflow/dags
[2025-04-05T22:34:06.023+0000] {manager.py:758} INFO - Searching for files in /opt/airflow/dags
[2025-04-05T22:34:06.035+0000] {manager.py:761} INFO - There are 0 files in /opt/airflow/dags
[2025-04-05T22:39:06.750+0000] {manager.py:758} INFO - Searching for files in /opt/airflow/dags
[2025-04-05T22:39:06.760+0000] {manager.py:761} INFO - There are 0 files in /opt/airflow/dags
[2025-04-05T23:01:30.696+0000] {manager.py:758} INFO - Searching for files in /opt/airflow/dags
[2025-04-05T23:01:30.734+0000] {manager.py:761} INFO - There are 0 files in /opt/airflow/dags
[2025-04-05T23:07:36.781+0000] {manager.py:758} INFO - Searching for files in /opt/airflow/dags
[2025-04-05T23:07:36.899+0000] {manager.py:761} INFO - There are 0 files in /opt/airflow/dags
[2025-04-05T23:12:37.421+0000] {manager.py:758} INFO - Searching for files in /opt/airflow/dags
[2025-04-05T23:12:37.436+0000] {manager.py:761} INFO - There are 0 files in /opt/airflow/dags
[2025-04-05T23:14:45.428+0000] {manager.py:470} INFO - Exiting gracefully upon receiving signal 15
[2025-04-05T23:16:53.769+0000] {manager.py:487} INFO - Processing files using up to 2 processes at a time 
[2025-04-05T23:16:53.771+0000] {manager.py:488} INFO - Process each file at most once every 30 seconds
[2025-04-05T23:16:53.774+0000] {manager.py:490} INFO - Checking for new files in /opt/airflow/dags every 300 seconds
[2025-04-05T23:16:53.778+0000] {manager.py:758} INFO - Searching for files in /opt/airflow/dags
[2025-04-05T23:16:53.783+0000] {manager.py:761} INFO - There are 0 files in /opt/airflow/dags
[2025-04-05T23:21:54.502+0000] {manager.py:758} INFO - Searching for files in /opt/airflow/dags
[2025-04-05T23:21:54.510+0000] {manager.py:761} INFO - There are 0 files in /opt/airflow/dags
[2025-04-05T23:24:36.660+0000] {manager.py:470} INFO - Exiting gracefully upon receiving signal 15
